[2026-02-22 22:39:25] WARNING django.request Not Found: /api/content/
[2026-02-22 22:39:49] WARNING django.request Not Found: /api/content/
[2026-02-22 22:40:07] WARNING django.request Not Found: /api/content/movie
[2026-02-22 22:40:07] WARNING django.request Not Found: /api/content/music
[2026-02-22 22:40:10] WARNING django.request Not Found: /api/content/artist
[2026-02-22 22:40:12] WARNING django.request Not Found: /api/content/
[2026-02-22 22:40:58] WARNING django.request Not Found: /api/news
[2026-02-22 22:40:59] WARNING django.request Not Found: /api/content/
[2026-02-22 22:41:09] WARNING django.request Not Found: /api/content/
[2026-02-22 22:42:28] WARNING django.request Not Found: /api/content/movie
[2026-02-22 22:42:29] WARNING django.request Not Found: /api/content/
[2026-02-22 22:42:36] WARNING django.request Not Found: /api/content/artist
[2026-02-22 22:43:58] WARNING django.request Not Found: /api/content/
[2026-02-22 22:44:11] WARNING django.request Not Found: /api/content/
[2026-02-22 22:45:04] WARNING django.request Not Found: /api/content/
[2026-02-22 22:45:04] WARNING django.request Not Found: /api/content/artist
[2026-02-22 22:45:37] WARNING django.request Not Found: /api/content/
[2026-02-22 22:45:42] WARNING django.request Not Found: /api/news
[2026-02-22 22:45:47] WARNING django.request Not Found: /
[2026-02-22 22:45:47] WARNING django.request Not Found: /
[2026-02-22 22:45:57] WARNING django.request Not Found: /
[2026-02-22 22:45:57] WARNING django.request Not Found: /
[2026-02-22 22:45:57] WARNING django.request Not Found: /
[2026-02-22 22:45:57] WARNING django.request Not Found: /
[2026-02-22 22:45:57] WARNING django.request Not Found: /
[2026-02-22 22:45:58] WARNING django.request Not Found: /
[2026-02-22 22:45:58] WARNING django.request Not Found: /
[2026-02-22 22:46:35] WARNING django.request Not Found: /
[2026-02-22 22:46:36] WARNING django.request Not Found: /
[2026-02-22 22:46:38] WARNING django.request Not Found: /
[2026-02-22 22:46:49] WARNING django.request Not Found: /
[2026-02-23 23:43:59] WARNING django.request Not Found: /
[2026-02-23 23:43:59] WARNING django.request Not Found: /favicon.ico
[2026-02-23 23:59:38] WARNING django.request Not Found: /
[2026-02-24 03:44:50] ERROR django.request Internal Server Error: /backend-admin/
Traceback (most recent call last):
  File "C:\Users\gusan\Documents\projects\business\gtx\env\Lib\site-packages\django\db\backends\utils.py", line 105, in _execute
    return self.cursor.execute(sql, params)
           ~~~~~~~~~~~~~~~~~~~^^^^^^^^^^^^^
  File "C:\Users\gusan\Documents\projects\business\gtx\env\Lib\site-packages\django\db\backends\sqlite3\base.py", line 359, in execute
    return super().execute(query, params)
           ~~~~~~~~~~~~~~~^^^^^^^^^^^^^^^
sqlite3.OperationalError: no such column: account_userprofile.bank_details_id

The above exception was the direct cause of the following exception:

Traceback (most recent call last):
  File "C:\Users\gusan\Documents\projects\business\gtx\env\Lib\site-packages\django\core\handlers\exception.py", line 55, in inner
    response = get_response(request)
  File "C:\Users\gusan\Documents\projects\business\gtx\env\Lib\site-packages\django\core\handlers\base.py", line 198, in _get_response
    response = wrapped_callback(request, *callback_args, **callback_kwargs)
  File "C:\Users\gusan\Documents\projects\business\gtx\gtx\urls.py", line 17, in backend_admin_entry
    return admin.site.login(request)
           ~~~~~~~~~~~~~~~~^^^^^^^^^
  File "C:\Users\gusan\Documents\projects\business\gtx\env\Lib\site-packages\django\utils\decorators.py", line 48, in _wrapper
    return bound_method(*args, **kwargs)
  File "C:\Users\gusan\Documents\projects\business\gtx\env\Lib\site-packages\django\views\decorators\cache.py", line 80, in _view_wrapper
    response = view_func(request, *args, **kwargs)
  File "C:\Users\gusan\Documents\projects\business\gtx\env\Lib\site-packages\django\contrib\admin\sites.py", line 450, in login
    return LoginView.as_view(**defaults)(request)
           ~~~~~~~~~~~~~~~~~~~~~~~~~~~~~^^^^^^^^^
  File "C:\Users\gusan\Documents\projects\business\gtx\env\Lib\site-packages\django\views\generic\base.py", line 106, in view
    return self.dispatch(request, *args, **kwargs)
           ~~~~~~~~~~~~~^^^^^^^^^^^^^^^^^^^^^^^^^^
  File "C:\Users\gusan\Documents\projects\business\gtx\env\Lib\site-packages\django\utils\decorators.py", line 48, in _wrapper
    return bound_method(*args, **kwargs)
  File "C:\Users\gusan\Documents\projects\business\gtx\env\Lib\site-packages\django\views\decorators\debug.py", line 143, in sensitive_post_parameters_wrapper
    return view(request, *args, **kwargs)
  File "C:\Users\gusan\Documents\projects\business\gtx\env\Lib\site-packages\django\utils\decorators.py", line 192, in _view_wrapper
    result = _process_exception(request, e)
  File "C:\Users\gusan\Documents\projects\business\gtx\env\Lib\site-packages\django\utils\decorators.py", line 190, in _view_wrapper
    response = view_func(request, *args, **kwargs)
  File "C:\Users\gusan\Documents\projects\business\gtx\env\Lib\site-packages\django\views\decorators\cache.py", line 80, in _view_wrapper
    response = view_func(request, *args, **kwargs)
  File "C:\Users\gusan\Documents\projects\business\gtx\env\Lib\site-packages\django\contrib\auth\views.py", line 89, in dispatch
    return super().dispatch(request, *args, **kwargs)
           ~~~~~~~~~~~~~~~~^^^^^^^^^^^^^^^^^^^^^^^^^^
  File "C:\Users\gusan\Documents\projects\business\gtx\env\Lib\site-packages\django\views\generic\base.py", line 145, in dispatch
    return handler(request, *args, **kwargs)
  File "C:\Users\gusan\Documents\projects\business\gtx\env\Lib\site-packages\django\views\generic\edit.py", line 150, in post
    if form.is_valid():
       ~~~~~~~~~~~~~^^
  File "C:\Users\gusan\Documents\projects\business\gtx\env\Lib\site-packages\django\forms\forms.py", line 206, in is_valid
    return self.is_bound and not self.errors
                                 ^^^^^^^^^^^
  File "C:\Users\gusan\Documents\projects\business\gtx\env\Lib\site-packages\django\forms\forms.py", line 201, in errors
    self.full_clean()
    ~~~~~~~~~~~~~~~^^
  File "C:\Users\gusan\Documents\projects\business\gtx\env\Lib\site-packages\django\forms\forms.py", line 338, in full_clean
    self._clean_form()
    ~~~~~~~~~~~~~~~~^^
  File "C:\Users\gusan\Documents\projects\business\gtx\env\Lib\site-packages\django\forms\forms.py", line 354, in _clean_form
    cleaned_data = self.clean()
  File "C:\Users\gusan\Documents\projects\business\gtx\env\Lib\site-packages\django\views\decorators\debug.py", line 75, in sensitive_variables_wrapper
    return func(*func_args, **func_kwargs)
  File "C:\Users\gusan\Documents\projects\business\gtx\env\Lib\site-packages\django\contrib\auth\forms.py", line 349, in clean
    self.user_cache = authenticate(
                      ~~~~~~~~~~~~^
        self.request, username=username, password=password
        ^^^^^^^^^^^^^^^^^^^^^^^^^^^^^^^^^^^^^^^^^^^^^^^^^^
    )
    ^
  File "C:\Users\gusan\Documents\projects\business\gtx\env\Lib\site-packages\django\views\decorators\debug.py", line 75, in sensitive_variables_wrapper
    return func(*func_args, **func_kwargs)
  File "C:\Users\gusan\Documents\projects\business\gtx\env\Lib\site-packages\django\contrib\auth\__init__.py", line 114, in authenticate
    user = backend.authenticate(request, **credentials)
  File "C:\Users\gusan\Documents\projects\business\gtx\env\Lib\site-packages\django\contrib\auth\backends.py", line 65, in authenticate
    user = UserModel._default_manager.get_by_natural_key(username)
  File "C:\Users\gusan\Documents\projects\business\gtx\env\Lib\site-packages\django\contrib\auth\base_user.py", line 37, in get_by_natural_key
    return self.get(**{self.model.USERNAME_FIELD: username})
           ~~~~~~~~^^^^^^^^^^^^^^^^^^^^^^^^^^^^^^^^^^^^^^^^^
  File "C:\Users\gusan\Documents\projects\business\gtx\env\Lib\site-packages\django\db\models\manager.py", line 87, in manager_method
    return getattr(self.get_queryset(), name)(*args, **kwargs)
           ~~~~~~~~~~~~~~~~~~~~~~~~~~~~~~~~~~^^^^^^^^^^^^^^^^^
  File "C:\Users\gusan\Documents\projects\business\gtx\env\Lib\site-packages\django\db\models\query.py", line 635, in get
    num = len(clone)
  File "C:\Users\gusan\Documents\projects\business\gtx\env\Lib\site-packages\django\db\models\query.py", line 372, in __len__
    self._fetch_all()
    ~~~~~~~~~~~~~~~^^
  File "C:\Users\gusan\Documents\projects\business\gtx\env\Lib\site-packages\django\db\models\query.py", line 2000, in _fetch_all
    self._result_cache = list(self._iterable_class(self))
                         ~~~~^^^^^^^^^^^^^^^^^^^^^^^^^^^^
  File "C:\Users\gusan\Documents\projects\business\gtx\env\Lib\site-packages\django\db\models\query.py", line 95, in __iter__
    results = compiler.execute_sql(
        chunked_fetch=self.chunked_fetch, chunk_size=self.chunk_size
    )
  File "C:\Users\gusan\Documents\projects\business\gtx\env\Lib\site-packages\django\db\models\sql\compiler.py", line 1624, in execute_sql
    cursor.execute(sql, params)
    ~~~~~~~~~~~~~~^^^^^^^^^^^^^
  File "C:\Users\gusan\Documents\projects\business\gtx\env\Lib\site-packages\django\db\backends\utils.py", line 122, in execute
    return super().execute(sql, params)
           ~~~~~~~~~~~~~~~^^^^^^^^^^^^^
  File "C:\Users\gusan\Documents\projects\business\gtx\env\Lib\site-packages\django\db\backends\utils.py", line 79, in execute
    return self._execute_with_wrappers(
           ~~~~~~~~~~~~~~~~~~~~~~~~~~~^
        sql, params, many=False, executor=self._execute
        ^^^^^^^^^^^^^^^^^^^^^^^^^^^^^^^^^^^^^^^^^^^^^^^
    )
    ^
  File "C:\Users\gusan\Documents\projects\business\gtx\env\Lib\site-packages\django\db\backends\utils.py", line 92, in _execute_with_wrappers
    return executor(sql, params, many, context)
  File "C:\Users\gusan\Documents\projects\business\gtx\env\Lib\site-packages\django\db\backends\utils.py", line 100, in _execute
    with self.db.wrap_database_errors:
         ^^^^^^^^^^^^^^^^^^^^^^^^^^^^
  File "C:\Users\gusan\Documents\projects\business\gtx\env\Lib\site-packages\django\db\utils.py", line 94, in __exit__
    raise dj_exc_value.with_traceback(traceback) from exc_value
  File "C:\Users\gusan\Documents\projects\business\gtx\env\Lib\site-packages\django\db\backends\utils.py", line 105, in _execute
    return self.cursor.execute(sql, params)
           ~~~~~~~~~~~~~~~~~~~^^^^^^^^^^^^^
  File "C:\Users\gusan\Documents\projects\business\gtx\env\Lib\site-packages\django\db\backends\sqlite3\base.py", line 359, in execute
    return super().execute(query, params)
           ~~~~~~~~~~~~~~~^^^^^^^^^^^^^^^
django.db.utils.OperationalError: no such column: account_userprofile.bank_details_id
